G:\SVILUPPO\SQUEEZELITE\RELEASE\WIN\FINAL\SQUEEZELITE-MC2.EXE
G:\SVILUPPO\SQUEEZELITE\RELEASE\WIN\FINAL\SQUEEZELITE-MC2.PDB
G:\SVILUPPO\SQUEEZELITE\RELEASE\WIN\INTERMEDIATE\BUFFER.OBJ
G:\Sviluppo\squeezelite\Release\Win\Intermediate\cl.command.1.tlog
G:\Sviluppo\squeezelite\Release\Win\Intermediate\CL.read.1.tlog
G:\Sviluppo\squeezelite\Release\Win\Intermediate\CL.write.1.tlog
G:\SVILUPPO\SQUEEZELITE\RELEASE\WIN\INTERMEDIATE\DECODE.OBJ
G:\SVILUPPO\SQUEEZELITE\RELEASE\WIN\INTERMEDIATE\DOP.OBJ
G:\SVILUPPO\SQUEEZELITE\RELEASE\WIN\INTERMEDIATE\DSD.OBJ
G:\SVILUPPO\SQUEEZELITE\RELEASE\WIN\INTERMEDIATE\DSD2PCM.OBJ
G:\SVILUPPO\SQUEEZELITE\RELEASE\WIN\INTERMEDIATE\FAAD.OBJ
G:\SVILUPPO\SQUEEZELITE\RELEASE\WIN\INTERMEDIATE\FFMPEG.OBJ
G:\SVILUPPO\SQUEEZELITE\RELEASE\WIN\INTERMEDIATE\FLAC.OBJ
G:\SVILUPPO\SQUEEZELITE\RELEASE\WIN\INTERMEDIATE\IR.OBJ
G:\Sviluppo\squeezelite\Release\Win\Intermediate\link.command.1.tlog
G:\Sviluppo\squeezelite\Release\Win\Intermediate\link.read.1.tlog
G:\Sviluppo\squeezelite\Release\Win\Intermediate\link.write.1.tlog
G:\Sviluppo\squeezelite\Release\Win\Intermediate\link-cvtres.read.1.tlog
G:\Sviluppo\squeezelite\Release\Win\Intermediate\link-cvtres.write.1.tlog
G:\SVILUPPO\SQUEEZELITE\RELEASE\WIN\INTERMEDIATE\MAD.OBJ
G:\SVILUPPO\SQUEEZELITE\RELEASE\WIN\INTERMEDIATE\MAIN.OBJ
G:\SVILUPPO\SQUEEZELITE\RELEASE\WIN\INTERMEDIATE\MPG.OBJ
G:\Sviluppo\squeezelite\Release\Win\Intermediate\mt.command.1.tlog
G:\Sviluppo\squeezelite\Release\Win\Intermediate\mt.read.1.tlog
G:\Sviluppo\squeezelite\Release\Win\Intermediate\mt.write.1.tlog
G:\SVILUPPO\SQUEEZELITE\RELEASE\WIN\INTERMEDIATE\OUTPUT.OBJ
G:\SVILUPPO\SQUEEZELITE\RELEASE\WIN\INTERMEDIATE\OUTPUT_ALSA.OBJ
G:\SVILUPPO\SQUEEZELITE\RELEASE\WIN\INTERMEDIATE\OUTPUT_PA.OBJ
G:\SVILUPPO\SQUEEZELITE\RELEASE\WIN\INTERMEDIATE\OUTPUT_PACK.OBJ
G:\SVILUPPO\SQUEEZELITE\RELEASE\WIN\INTERMEDIATE\OUTPUT_STDOUT.OBJ
G:\SVILUPPO\SQUEEZELITE\RELEASE\WIN\INTERMEDIATE\OUTPUT_VIS.OBJ
G:\SVILUPPO\SQUEEZELITE\RELEASE\WIN\INTERMEDIATE\PCM.OBJ
G:\SVILUPPO\SQUEEZELITE\RELEASE\WIN\INTERMEDIATE\PROCESS.OBJ
G:\Sviluppo\squeezelite\Release\Win\Intermediate\rc.command.1.tlog
G:\Sviluppo\squeezelite\Release\Win\Intermediate\rc.read.1.tlog
G:\Sviluppo\squeezelite\Release\Win\Intermediate\rc.write.1.tlog
G:\SVILUPPO\SQUEEZELITE\RELEASE\WIN\INTERMEDIATE\RESAMPLE.OBJ
G:\SVILUPPO\SQUEEZELITE\RELEASE\WIN\INTERMEDIATE\SLIMPROTO.OBJ
G:\SVILUPPO\SQUEEZELITE\RELEASE\WIN\INTERMEDIATE\SQUEEZELITE-MC2.EXE.EMBED.MANIFEST
G:\SVILUPPO\SQUEEZELITE\RELEASE\WIN\INTERMEDIATE\SQUEEZELITE-MC2.EXE.EMBED.MANIFEST.RES
G:\SVILUPPO\SQUEEZELITE\RELEASE\WIN\INTERMEDIATE\SQUEEZELITE-MC2.EXE.INTERMEDIATE.MANIFEST
G:\Sviluppo\squeezelite\Release\Win\Intermediate\squeezelite-mc2_manifest.rc
G:\SVILUPPO\SQUEEZELITE\RELEASE\WIN\INTERMEDIATE\STREAM.OBJ
G:\SVILUPPO\SQUEEZELITE\RELEASE\WIN\INTERMEDIATE\UTILS.OBJ
G:\SVILUPPO\SQUEEZELITE\RELEASE\WIN\INTERMEDIATE\VC100.PDB
G:\SVILUPPO\SQUEEZELITE\RELEASE\WIN\INTERMEDIATE\VORBIS.OBJ
Release\Win\Final\squeezelite-mc2.pdb
