G:\SVILUPPO\SQUEEZELITE\DEBUG\BUFFER.OBJ
G:\Sviluppo\squeezelite\Debug\cl.command.1.tlog
G:\Sviluppo\squeezelite\Debug\CL.read.1.tlog
G:\Sviluppo\squeezelite\Debug\CL.write.1.tlog
G:\SVILUPPO\SQUEEZELITE\DEBUG\DECODE.OBJ
G:\SVILUPPO\SQUEEZELITE\DEBUG\DOP.OBJ
G:\SVILUPPO\SQUEEZELITE\DEBUG\DSD.OBJ
G:\SVILUPPO\SQUEEZELITE\DEBUG\DSD2PCM.OBJ
G:\SVILUPPO\SQUEEZELITE\DEBUG\FAAD.OBJ
G:\SVILUPPO\SQUEEZELITE\DEBUG\FLAC.OBJ
G:\SVILUPPO\SQUEEZELITE\DEBUG\IR.OBJ
G:\SVILUPPO\SQUEEZELITE\DEBUG\MAD.OBJ
G:\SVILUPPO\SQUEEZELITE\DEBUG\MAIN.OBJ
G:\SVILUPPO\SQUEEZELITE\DEBUG\MPG.OBJ
G:\SVILUPPO\SQUEEZELITE\DEBUG\OUTPUT.OBJ
G:\SVILUPPO\SQUEEZELITE\DEBUG\OUTPUT_ALSA.OBJ
G:\SVILUPPO\SQUEEZELITE\DEBUG\OUTPUT_PA.OBJ
G:\SVILUPPO\SQUEEZELITE\DEBUG\OUTPUT_PACK.OBJ
G:\SVILUPPO\SQUEEZELITE\DEBUG\OUTPUT_STDOUT.OBJ
G:\SVILUPPO\SQUEEZELITE\DEBUG\OUTPUT_VIS.OBJ
G:\SVILUPPO\SQUEEZELITE\DEBUG\PCM.OBJ
G:\SVILUPPO\SQUEEZELITE\DEBUG\PROCESS.OBJ
G:\SVILUPPO\SQUEEZELITE\DEBUG\RESAMPLE.OBJ
G:\SVILUPPO\SQUEEZELITE\DEBUG\SLIMPROTO.OBJ
G:\SVILUPPO\SQUEEZELITE\DEBUG\STREAM.OBJ
G:\SVILUPPO\SQUEEZELITE\DEBUG\UTILS.OBJ
G:\Sviluppo\squeezelite\Debug\vc100.idb
G:\SVILUPPO\SQUEEZELITE\DEBUG\VC100.PDB
G:\SVILUPPO\SQUEEZELITE\DEBUG\VORBIS.OBJ
