Build started 10/09/2015 1.27.41.
     1>Project "G:\Sviluppo\squeezelite\squeezelite.vcxproj" on node 2 (build target(s)).
     1>InitializeBuildStatus:
         Touching "Debug\squeezelite.unsuccessfulbuild".
       ClCompile:
         C:\Programmi\Microsoft Visual Studio 10.0\VC\bin\CL.exe /c /ZI /nologo /W3 /WX- /Od /Oy- /D WIN32 /D _DEBUG /D _CONSOLE /D RESAMPLE /D FFMPEG /D DSD /Gm /EHsc /RTC1 /MTd /GS /fp:precise /Zc:wchar_t /Zc:forScope /Fo"Debug\\" /Fd"Debug\vc100.pdb" /Gd /TC /analyze- /errorReport:prompt buffer.c decode.c dop.c dsd.c dsd2pcm\dsd2pcm.c faad.c ffmpeg.c flac.c ir.c mad.c main.c mpg.c output.c output_alsa.c output_pa.c output_pack.c output_stdout.c output_vis.c pcm.c process.c resample.c slimproto.c stream.c utils.c vorbis.c
         vorbis.c
         utils.c
     1>g:\sviluppo\squeezelite\utils.c(51): warning C4996: 'sprintf': This function or variable may be unsafe. Consider using sprintf_s instead. To disable deprecation, use _CRT_SECURE_NO_WARNINGS. See online help for details.
                 c:\programmi\microsoft visual studio 10.0\vc\include\stdio.h(371) : see declaration of 'sprintf'
     1>g:\sviluppo\squeezelite\utils.c(225): warning C4996: 'strtok': This function or variable may be unsafe. Consider using strtok_s instead. To disable deprecation, use _CRT_SECURE_NO_WARNINGS. See online help for details.
                 c:\programmi\microsoft visual studio 10.0\vc\include\string.h(197) : see declaration of 'strtok'
     1>g:\sviluppo\squeezelite\utils.c(226): warning C4996: 'strtok': This function or variable may be unsafe. Consider using strtok_s instead. To disable deprecation, use _CRT_SECURE_NO_WARNINGS. See online help for details.
                 c:\programmi\microsoft visual studio 10.0\vc\include\string.h(197) : see declaration of 'strtok'
     1>g:\sviluppo\squeezelite\utils.c(346): warning C4996: 'sprintf': This function or variable may be unsafe. Consider using sprintf_s instead. To disable deprecation, use _CRT_SECURE_NO_WARNINGS. See online help for details.
                 c:\programmi\microsoft visual studio 10.0\vc\include\stdio.h(371) : see declaration of 'sprintf'
         stream.c
     1>g:\sviluppo\squeezelite\stream.c(54): warning C4996: 'strerror': This function or variable may be unsafe. Consider using strerror_s instead. To disable deprecation, use _CRT_SECURE_NO_WARNINGS. See online help for details.
                 c:\programmi\microsoft visual studio 10.0\vc\include\string.h(157) : see declaration of 'strerror'
     1>g:\sviluppo\squeezelite\stream.c(107): warning C4996: 'strerror': This function or variable may be unsafe. Consider using strerror_s instead. To disable deprecation, use _CRT_SECURE_NO_WARNINGS. See online help for details.
                 c:\programmi\microsoft visual studio 10.0\vc\include\string.h(157) : see declaration of 'strerror'
     1>g:\sviluppo\squeezelite\stream.c(158): warning C4996: 'strerror': This function or variable may be unsafe. Consider using strerror_s instead. To disable deprecation, use _CRT_SECURE_NO_WARNINGS. See online help for details.
                 c:\programmi\microsoft visual studio 10.0\vc\include\string.h(157) : see declaration of 'strerror'
     1>g:\sviluppo\squeezelite\stream.c(200): warning C4996: 'strerror': This function or variable may be unsafe. Consider using strerror_s instead. To disable deprecation, use _CRT_SECURE_NO_WARNINGS. See online help for details.
                 c:\programmi\microsoft visual studio 10.0\vc\include\string.h(157) : see declaration of 'strerror'
     1>g:\sviluppo\squeezelite\stream.c(217): warning C4996: 'strerror': This function or variable may be unsafe. Consider using strerror_s instead. To disable deprecation, use _CRT_SECURE_NO_WARNINGS. See online help for details.
                 c:\programmi\microsoft visual studio 10.0\vc\include\string.h(157) : see declaration of 'strerror'
     1>g:\sviluppo\squeezelite\stream.c(253): warning C4996: 'strerror': This function or variable may be unsafe. Consider using strerror_s instead. To disable deprecation, use _CRT_SECURE_NO_WARNINGS. See online help for details.
                 c:\programmi\microsoft visual studio 10.0\vc\include\string.h(157) : see declaration of 'strerror'
     1>g:\sviluppo\squeezelite\stream.c(345): warning C4996: '_open': This function or variable may be unsafe. Consider using _sopen_s instead. To disable deprecation, use _CRT_SECURE_NO_WARNINGS. See online help for details.
                 c:\programmi\microsoft visual studio 10.0\vc\include\io.h(235) : see declaration of '_open'
         slimproto.c
     1>g:\sviluppo\squeezelite\slimproto.c(102): warning C4996: 'strerror': This function or variable may be unsafe. Consider using strerror_s instead. To disable deprecation, use _CRT_SECURE_NO_WARNINGS. See online help for details.
                 c:\programmi\microsoft visual studio 10.0\vc\include\string.h(157) : see declaration of 'strerror'
     1>g:\sviluppo\squeezelite\slimproto.c(428): warning C4996: 'strncpy': This function or variable may be unsafe. Consider using strncpy_s instead. To disable deprecation, use _CRT_SECURE_NO_WARNINGS. See online help for details.
                 c:\programmi\microsoft visual studio 10.0\vc\include\string.h(188) : see declaration of 'strncpy'
     1>g:\sviluppo\squeezelite\slimproto.c(435): warning C4996: 'fopen': This function or variable may be unsafe. Consider using fopen_s instead. To disable deprecation, use _CRT_SECURE_NO_WARNINGS. See online help for details.
                 c:\programmi\microsoft visual studio 10.0\vc\include\stdio.h(234) : see declaration of 'fopen'
     1>g:\sviluppo\squeezelite\slimproto.c(463): warning C4996: 'strcat': This function or variable may be unsafe. Consider using strcat_s instead. To disable deprecation, use _CRT_SECURE_NO_WARNINGS. See online help for details.
                 c:\programmi\microsoft visual studio 10.0\vc\include\string.h(110) : see declaration of 'strcat'
     1>g:\sviluppo\squeezelite\slimproto.c(464): warning C4996: 'strncat': This function or variable may be unsafe. Consider using strncat_s instead. To disable deprecation, use _CRT_SECURE_NO_WARNINGS. See online help for details.
                 c:\programmi\microsoft visual studio 10.0\vc\include\string.h(175) : see declaration of 'strncat'
     1>g:\sviluppo\squeezelite\slimproto.c(530): warning C4996: 'strerror': This function or variable may be unsafe. Consider using strerror_s instead. To disable deprecation, use _CRT_SECURE_NO_WARNINGS. See online help for details.
                 c:\programmi\microsoft visual studio 10.0\vc\include\string.h(157) : see declaration of 'strerror'
     1>g:\sviluppo\squeezelite\slimproto.c(545): warning C4996: 'strerror': This function or variable may be unsafe. Consider using strerror_s instead. To disable deprecation, use _CRT_SECURE_NO_WARNINGS. See online help for details.
                 c:\programmi\microsoft visual studio 10.0\vc\include\string.h(157) : see declaration of 'strerror'
     1>g:\sviluppo\squeezelite\slimproto.c(806): warning C4996: 'strncpy': This function or variable may be unsafe. Consider using strncpy_s instead. To disable deprecation, use _CRT_SECURE_NO_WARNINGS. See online help for details.
                 c:\programmi\microsoft visual studio 10.0\vc\include\string.h(188) : see declaration of 'strncpy'
     1>g:\sviluppo\squeezelite\slimproto.c(813): warning C4996: 'fopen': This function or variable may be unsafe. Consider using fopen_s instead. To disable deprecation, use _CRT_SECURE_NO_WARNINGS. See online help for details.
                 c:\programmi\microsoft visual studio 10.0\vc\include\stdio.h(234) : see declaration of 'fopen'
     1>g:\sviluppo\squeezelite\slimproto.c(833): warning C4996: '_snprintf': This function or variable may be unsafe. Consider using _snprintf_s instead. To disable deprecation, use _CRT_SECURE_NO_WARNINGS. See online help for details.
                 c:\programmi\microsoft visual studio 10.0\vc\include\stdio.h(363) : see declaration of '_snprintf'
     1>g:\sviluppo\squeezelite\slimproto.c(837): warning C4996: 'strcat': This function or variable may be unsafe. Consider using strcat_s instead. To disable deprecation, use _CRT_SECURE_NO_WARNINGS. See online help for details.
                 c:\programmi\microsoft visual studio 10.0\vc\include\string.h(110) : see declaration of 'strcat'
     1>g:\sviluppo\squeezelite\slimproto.c(838): warning C4996: 'strcat': This function or variable may be unsafe. Consider using strcat_s instead. To disable deprecation, use _CRT_SECURE_NO_WARNINGS. See online help for details.
                 c:\programmi\microsoft visual studio 10.0\vc\include\string.h(110) : see declaration of 'strcat'
     1>g:\sviluppo\squeezelite\slimproto.c(893): warning C4996: 'strcat': This function or variable may be unsafe. Consider using strcat_s instead. To disable deprecation, use _CRT_SECURE_NO_WARNINGS. See online help for details.
                 c:\programmi\microsoft visual studio 10.0\vc\include\string.h(110) : see declaration of 'strcat'
     1>g:\sviluppo\squeezelite\slimproto.c(898): warning C4996: 'strcat': This function or variable may be unsafe. Consider using strcat_s instead. To disable deprecation, use _CRT_SECURE_NO_WARNINGS. See online help for details.
                 c:\programmi\microsoft visual studio 10.0\vc\include\string.h(110) : see declaration of 'strcat'
         resample.c
         process.c
         pcm.c
         output_vis.c
         output_stdout.c
         output_pack.c
         output_pa.c
     1>g:\sviluppo\squeezelite\output_pa.c(97): warning C4996: '_snprintf': This function or variable may be unsafe. Consider using _snprintf_s instead. To disable deprecation, use _CRT_SECURE_NO_WARNINGS. See online help for details.
                 c:\programmi\microsoft visual studio 10.0\vc\include\stdio.h(363) : see declaration of '_snprintf'
         output_alsa.c
         output.c
     1>g:\sviluppo\squeezelite\output.c(161): warning C4018: '<' : signed/unsigned mismatch
     1>g:\sviluppo\squeezelite\output.c(177): warning C4018: '<' : signed/unsigned mismatch
     1>g:\sviluppo\squeezelite\output.c(214): warning C4018: '<' : signed/unsigned mismatch
     1>g:\sviluppo\squeezelite\output.c(407): warning C4996: 'sprintf': This function or variable may be unsafe. Consider using sprintf_s instead. To disable deprecation, use _CRT_SECURE_NO_WARNINGS. See online help for details.
                 c:\programmi\microsoft visual studio 10.0\vc\include\stdio.h(371) : see declaration of 'sprintf'
     1>g:\sviluppo\squeezelite\output.c(408): warning C4996: 'strcat': This function or variable may be unsafe. Consider using strcat_s instead. To disable deprecation, use _CRT_SECURE_NO_WARNINGS. See online help for details.
                 c:\programmi\microsoft visual studio 10.0\vc\include\string.h(110) : see declaration of 'strcat'
         mpg.c
     1>g:\sviluppo\squeezelite\include\mpg123.h(14): warning C4091: 'typedef ' : ignored on left of 'long' when no variable is declared
         main.c
     1>g:\sviluppo\squeezelite\main.c(246): warning C4996: 'strcat': This function or variable may be unsafe. Consider using strcat_s instead. To disable deprecation, use _CRT_SECURE_NO_WARNINGS. See online help for details.
                 c:\programmi\microsoft visual studio 10.0\vc\include\string.h(110) : see declaration of 'strcat'
     1>g:\sviluppo\squeezelite\main.c(247): warning C4996: 'strcat': This function or variable may be unsafe. Consider using strcat_s instead. To disable deprecation, use _CRT_SECURE_NO_WARNINGS. See online help for details.
                 c:\programmi\microsoft visual studio 10.0\vc\include\string.h(110) : see declaration of 'strcat'
     1>g:\sviluppo\squeezelite\main.c(313): warning C4996: 'strtok': This function or variable may be unsafe. Consider using strtok_s instead. To disable deprecation, use _CRT_SECURE_NO_WARNINGS. See online help for details.
                 c:\programmi\microsoft visual studio 10.0\vc\include\string.h(197) : see declaration of 'strtok'
     1>g:\sviluppo\squeezelite\main.c(314): warning C4996: 'strtok': This function or variable may be unsafe. Consider using strtok_s instead. To disable deprecation, use _CRT_SECURE_NO_WARNINGS. See online help for details.
                 c:\programmi\microsoft visual studio 10.0\vc\include\string.h(197) : see declaration of 'strtok'
     1>g:\sviluppo\squeezelite\main.c(344): warning C4996: 'strtok': This function or variable may be unsafe. Consider using strtok_s instead. To disable deprecation, use _CRT_SECURE_NO_WARNINGS. See online help for details.
                 c:\programmi\microsoft visual studio 10.0\vc\include\string.h(197) : see declaration of 'strtok'
     1>g:\sviluppo\squeezelite\main.c(347): warning C4996: 'strtok': This function or variable may be unsafe. Consider using strtok_s instead. To disable deprecation, use _CRT_SECURE_NO_WARNINGS. See online help for details.
                 c:\programmi\microsoft visual studio 10.0\vc\include\string.h(197) : see declaration of 'strtok'
     1>g:\sviluppo\squeezelite\main.c(372): warning C4018: '>' : signed/unsigned mismatch
     1>g:\sviluppo\squeezelite\main.c(372): warning C4018: '<' : signed/unsigned mismatch
     1>g:\sviluppo\squeezelite\main.c(525): warning C4996: 'freopen': This function or variable may be unsafe. Consider using freopen_s instead. To disable deprecation, use _CRT_SECURE_NO_WARNINGS. See online help for details.
                 c:\programmi\microsoft visual studio 10.0\vc\include\stdio.h(249) : see declaration of 'freopen'
     1>g:\sviluppo\squeezelite\main.c(526): warning C4996: 'strerror': This function or variable may be unsafe. Consider using strerror_s instead. To disable deprecation, use _CRT_SECURE_NO_WARNINGS. See online help for details.
                 c:\programmi\microsoft visual studio 10.0\vc\include\string.h(157) : see declaration of 'strerror'
         mad.c
         ir.c
         flac.c
         ffmpeg.c
     1>g:\sviluppo\squeezelite\ffmpeg.c(166): warning C4018: '<' : signed/unsigned mismatch
     1>g:\sviluppo\squeezelite\ffmpeg.c(183): warning C4018: '<' : signed/unsigned mismatch
     1>g:\sviluppo\squeezelite\ffmpeg.c(204): warning C4018: '<' : signed/unsigned mismatch
     1>g:\sviluppo\squeezelite\ffmpeg.c(240): warning C4018: '<' : signed/unsigned mismatch
     1>g:\sviluppo\squeezelite\ffmpeg.c(305): warning C4018: '<' : signed/unsigned mismatch
     1>g:\sviluppo\squeezelite\ffmpeg.c(586): warning C4996: 'sprintf': This function or variable may be unsafe. Consider using sprintf_s instead. To disable deprecation, use _CRT_SECURE_NO_WARNINGS. See online help for details.
                 c:\programmi\microsoft visual studio 10.0\vc\include\stdio.h(371) : see declaration of 'sprintf'
     1>g:\sviluppo\squeezelite\ffmpeg.c(593): warning C4996: 'sprintf': This function or variable may be unsafe. Consider using sprintf_s instead. To disable deprecation, use _CRT_SECURE_NO_WARNINGS. See online help for details.
                 c:\programmi\microsoft visual studio 10.0\vc\include\stdio.h(371) : see declaration of 'sprintf'
     1>g:\sviluppo\squeezelite\ffmpeg.c(600): warning C4996: 'sprintf': This function or variable may be unsafe. Consider using sprintf_s instead. To disable deprecation, use _CRT_SECURE_NO_WARNINGS. See online help for details.
                 c:\programmi\microsoft visual studio 10.0\vc\include\stdio.h(371) : see declaration of 'sprintf'
         faad.c
     1>g:\sviluppo\squeezelite\faad.c(267): warning C4996: 'sscanf': This function or variable may be unsafe. Consider using sscanf_s instead. To disable deprecation, use _CRT_SECURE_NO_WARNINGS. See online help for details.
                 c:\programmi\microsoft visual studio 10.0\vc\include\stdio.h(325) : see declaration of 'sscanf'
         Generating Code...
         Compiling...
         dsd2pcm.c
         dsd.c
     1>g:\sviluppo\squeezelite\dsd.c(190): warning C4018: '>=' : signed/unsigned mismatch
     1>g:\sviluppo\squeezelite\dsd.c(239): warning C4018: '<' : signed/unsigned mismatch
     1>g:\sviluppo\squeezelite\dsd.c(250): warning C4244: '=' : conversion from 'u64_t' to 'frames_t', possible loss of data
     1>g:\sviluppo\squeezelite\dsd.c(395): warning C4244: '=' : conversion from 'u64_t' to 'frames_t', possible loss of data
         dop.c
         decode.c
         buffer.c
         Generating Code...
       ManifestResourceCompile:
         C:\Programmi\Microsoft SDKs\Windows\v7.0A\bin\rc.exe /nologo /fo"Debug\squeezelite.exe.embed.manifest.res" Debug\squeezelite_manifest.rc 
       Link:
         C:\Programmi\Microsoft Visual Studio 10.0\VC\bin\link.exe /ERRORREPORT:PROMPT /OUT:"Debug\squeezelite.exe" /INCREMENTAL /NOLOGO /LIBPATH:"C:\Programmi\Microsoft SDKs\Windows\v6.0\Lib" kernel32.lib user32.lib gdi32.lib winspool.lib comdlg32.lib advapi32.lib shell32.lib ole32.lib oleaut32.lib uuid.lib odbc32.lib odbccp32.lib /MANIFEST /ManifestFile:"Debug\squeezelite.exe.intermediate.manifest" /MANIFESTUAC:"level='asInvoker' uiAccess='false'" /DEBUG /PDB:"G:\Sviluppo\squeezelite\Debug\squeezelite.pdb" /SUBSYSTEM:CONSOLE /TLBID:1 /DYNAMICBASE /NXCOMPAT /IMPLIB:"Debug\squeezelite.lib" /MACHINE:X86 Debug\squeezelite.exe.embed.manifest.res
         Debug\buffer.obj
         Debug\decode.obj
         Debug\dop.obj
         Debug\dsd.obj
         Debug\dsd2pcm.obj
         Debug\faad.obj
         Debug\ffmpeg.obj
         Debug\flac.obj
         Debug\ir.obj
         Debug\mad.obj
         Debug\main.obj
         Debug\mpg.obj
         Debug\output.obj
         Debug\output_alsa.obj
         Debug\output_pa.obj
         Debug\output_pack.obj
         Debug\output_stdout.obj
         Debug\output_vis.obj
         Debug\pcm.obj
         Debug\process.obj
         Debug\resample.obj
         Debug\slimproto.obj
         Debug\stream.obj
         Debug\utils.obj
         Debug\vorbis.obj
         include\portaudio.lib
         include\WS2_32.Lib
       Manifest:
         C:\Programmi\Microsoft SDKs\Windows\v7.0A\bin\mt.exe /nologo /verbose /out:"Debug\squeezelite.exe.embed.manifest" /manifest Debug\squeezelite.exe.intermediate.manifest
         C:\Programmi\Microsoft SDKs\Windows\v7.0A\bin\rc.exe /nologo /fo"Debug\squeezelite.exe.embed.manifest.res" Debug\squeezelite_manifest.rc 
       LinkEmbedManifest:
         C:\Programmi\Microsoft Visual Studio 10.0\VC\bin\link.exe /ERRORREPORT:PROMPT /OUT:"Debug\squeezelite.exe" /INCREMENTAL /NOLOGO /LIBPATH:"C:\Programmi\Microsoft SDKs\Windows\v6.0\Lib" kernel32.lib user32.lib gdi32.lib winspool.lib comdlg32.lib advapi32.lib shell32.lib ole32.lib oleaut32.lib uuid.lib odbc32.lib odbccp32.lib /MANIFEST /ManifestFile:"Debug\squeezelite.exe.intermediate.manifest" /MANIFESTUAC:"level='asInvoker' uiAccess='false'" /DEBUG /PDB:"G:\Sviluppo\squeezelite\Debug\squeezelite.pdb" /SUBSYSTEM:CONSOLE /TLBID:1 /DYNAMICBASE /NXCOMPAT /IMPLIB:"Debug\squeezelite.lib" /MACHINE:X86 Debug\squeezelite.exe.embed.manifest.res
         Debug\buffer.obj
         Debug\decode.obj
         Debug\dop.obj
         Debug\dsd.obj
         Debug\dsd2pcm.obj
         Debug\faad.obj
         Debug\ffmpeg.obj
         Debug\flac.obj
         Debug\ir.obj
         Debug\mad.obj
         Debug\main.obj
         Debug\mpg.obj
         Debug\output.obj
         Debug\output_alsa.obj
         Debug\output_pa.obj
         Debug\output_pack.obj
         Debug\output_stdout.obj
         Debug\output_vis.obj
         Debug\pcm.obj
         Debug\process.obj
         Debug\resample.obj
         Debug\slimproto.obj
         Debug\stream.obj
         Debug\utils.obj
         Debug\vorbis.obj
         include\portaudio.lib
         include\WS2_32.Lib
         squeezelite.vcxproj -> G:\Sviluppo\squeezelite\Debug\squeezelite.exe
       FinalizeBuildStatus:
         Deleting file "Debug\squeezelite.unsuccessfulbuild".
         Touching "Debug\squeezelite.lastbuildstate".
     1>Done Building Project "G:\Sviluppo\squeezelite\squeezelite.vcxproj" (build target(s)).

Build succeeded.

Time Elapsed 00:00:13.96
