G:\SVILUPPO\SQUEEZELITE\RELEASE\BUFFER.OBJ
G:\Sviluppo\squeezelite\Release\cl.command.1.tlog
G:\Sviluppo\squeezelite\Release\CL.read.1.tlog
G:\Sviluppo\squeezelite\Release\CL.write.1.tlog
G:\SVILUPPO\SQUEEZELITE\RELEASE\DECODE.OBJ
G:\SVILUPPO\SQUEEZELITE\RELEASE\DOP.OBJ
G:\SVILUPPO\SQUEEZELITE\RELEASE\DSD.OBJ
G:\SVILUPPO\SQUEEZELITE\RELEASE\DSD2PCM.OBJ
G:\SVILUPPO\SQUEEZELITE\RELEASE\FAAD.OBJ
G:\SVILUPPO\SQUEEZELITE\RELEASE\FFMPEG.OBJ
G:\SVILUPPO\SQUEEZELITE\RELEASE\FLAC.OBJ
G:\SVILUPPO\SQUEEZELITE\RELEASE\IR.OBJ
G:\Sviluppo\squeezelite\Release\link.command.1.tlog
G:\Sviluppo\squeezelite\Release\link.read.1.tlog
G:\Sviluppo\squeezelite\Release\link.write.1.tlog
G:\Sviluppo\squeezelite\Release\link-cvtres.read.1.tlog
G:\Sviluppo\squeezelite\Release\link-cvtres.write.1.tlog
G:\SVILUPPO\SQUEEZELITE\RELEASE\MAD.OBJ
G:\SVILUPPO\SQUEEZELITE\RELEASE\MAIN.OBJ
G:\SVILUPPO\SQUEEZELITE\RELEASE\MPG.OBJ
G:\Sviluppo\squeezelite\Release\mt.command.1.tlog
G:\Sviluppo\squeezelite\Release\mt.read.1.tlog
G:\Sviluppo\squeezelite\Release\mt.write.1.tlog
G:\SVILUPPO\SQUEEZELITE\RELEASE\OUTPUT.OBJ
G:\SVILUPPO\SQUEEZELITE\RELEASE\OUTPUT_ALSA.OBJ
G:\SVILUPPO\SQUEEZELITE\RELEASE\OUTPUT_PA.OBJ
G:\SVILUPPO\SQUEEZELITE\RELEASE\OUTPUT_PACK.OBJ
G:\SVILUPPO\SQUEEZELITE\RELEASE\OUTPUT_STDOUT.OBJ
G:\SVILUPPO\SQUEEZELITE\RELEASE\OUTPUT_VIS.OBJ
G:\SVILUPPO\SQUEEZELITE\RELEASE\PCM.OBJ
G:\SVILUPPO\SQUEEZELITE\RELEASE\PROCESS.OBJ
G:\Sviluppo\squeezelite\Release\rc.command.1.tlog
G:\Sviluppo\squeezelite\Release\rc.read.1.tlog
G:\Sviluppo\squeezelite\Release\rc.write.1.tlog
G:\SVILUPPO\SQUEEZELITE\RELEASE\RESAMPLE.OBJ
G:\SVILUPPO\SQUEEZELITE\RELEASE\SLIMPROTO.OBJ
G:\SVILUPPO\SQUEEZELITE\RELEASE\SQUEEZELITE.EXE
G:\SVILUPPO\SQUEEZELITE\RELEASE\SQUEEZELITE.EXE.EMBED.MANIFEST
G:\SVILUPPO\SQUEEZELITE\RELEASE\SQUEEZELITE.EXE.EMBED.MANIFEST.RES
G:\SVILUPPO\SQUEEZELITE\RELEASE\SQUEEZELITE.EXE.INTERMEDIATE.MANIFEST
G:\SVILUPPO\SQUEEZELITE\RELEASE\SQUEEZELITE.PDB
G:\Sviluppo\squeezelite\Release\squeezelite_manifest.rc
G:\SVILUPPO\SQUEEZELITE\RELEASE\STREAM.OBJ
G:\SVILUPPO\SQUEEZELITE\RELEASE\UTILS.OBJ
G:\SVILUPPO\SQUEEZELITE\RELEASE\VC100.PDB
G:\SVILUPPO\SQUEEZELITE\RELEASE\VORBIS.OBJ
Release\squeezelite.pdb
